  CXX(target) Release/obj.target/uws/src/Extensions.o
  CXX(target) Release/obj.target/uws/src/Group.o
  CXX(target) Release/obj.target/uws/src/Networking.o
  CXX(target) Release/obj.target/uws/src/Hub.o
  CXX(target) Release/obj.target/uws/src/Node.o
  CXX(target) Release/obj.target/uws/src/WebSocket.o
  CXX(target) Release/obj.target/uws/src/HTTPSocket.o
  CXX(target) Release/obj.target/uws/src/Socket.o
  CXX(target) Release/obj.target/uws/src/addon.o
In file included from ../src/addon.cpp:2:
../src/addon.h:21:15: warning: 'MakeCallback' is deprecated: Use MakeCallback(..., async_context) [-Wdeprecated-declarations]
        node::MakeCallback(isolate, isolate->GetCurrentContext()->Global(), Local<Function>::New(isolate, noop), 0, nullptr);
              ^
/Users/kirinkang/Library/Caches/node-gyp/12.16.1/include/node/node.h:173:1: note: 'MakeCallback' has been explicitly marked deprecated here
NODE_DEPRECATED("Use MakeCallback(..., async_context)",
^
/Users/kirinkang/Library/Caches/node-gyp/12.16.1/include/node/node.h:93:20: note: expanded from macro 'NODE_DEPRECATED'
    __attribute__((deprecated(message))) declarator
                   ^
In file included from ../src/addon.cpp:2:
../src/addon.h:37:47: error: no matching constructor for initialization of 'String::Utf8Value'
            utf8Value = new (utf8ValueMemory) String::Utf8Value(value);
                                              ^                 ~~~~~
/Users/kirinkang/Library/Caches/node-gyp/12.16.1/include/node/v8.h:3142:5: note: candidate constructor not viable: no known conversion from 'const Local<v8::Value>' to 'const v8::String::Utf8Value' for 1st argument
    Utf8Value(const Utf8Value&) = delete;
    ^
/Users/kirinkang/Library/Caches/node-gyp/12.16.1/include/node/v8.h:3135:5: note: candidate constructor not viable: requires 2 arguments, but 1 was provided
    Utf8Value(Isolate* isolate, Local<v8::Value> obj);
    ^
In file included from ../src/addon.cpp:2:
../src/addon.h:79:83: error: too few arguments to function call, single argument 'context' was not specified
    uWS::Group<isServer> *group = hub.createGroup<isServer>(args[0]->IntegerValue(), args[1]->IntegerValue());
                                                            ~~~~~~~~~~~~~~~~~~~~~ ^
/Users/kirinkang/Library/Caches/node-gyp/12.16.1/include/node/v8.h:2705:3: note: 'IntegerValue' declared here
  V8_WARN_UNUSED_RESULT Maybe<int64_t> IntegerValue(
  ^
/Users/kirinkang/Library/Caches/node-gyp/12.16.1/include/node/v8config.h:368:31: note: expanded from macro 'V8_WARN_UNUSED_RESULT'
#define V8_WARN_UNUSED_RESULT __attribute__((warn_unused_result))
                              ^
In file included from ../src/addon.cpp:2:
../src/addon.h:79:108: error: too few arguments to function call, single argument 'context' was not specified
    uWS::Group<isServer> *group = hub.createGroup<isServer>(args[0]->IntegerValue(), args[1]->IntegerValue());
                                                                                     ~~~~~~~~~~~~~~~~~~~~~ ^
/Users/kirinkang/Library/Caches/node-gyp/12.16.1/include/node/v8.h:2705:3: note: 'IntegerValue' declared here
  V8_WARN_UNUSED_RESULT Maybe<int64_t> IntegerValue(
  ^
/Users/kirinkang/Library/Caches/node-gyp/12.16.1/include/node/v8config.h:368:31: note: expanded from macro 'V8_WARN_UNUSED_RESULT'
#define V8_WARN_UNUSED_RESULT __attribute__((warn_unused_result))
                              ^
In file included from ../src/addon.cpp:2:
../src/addon.h:102:136: warning: 'NewFromUtf8' is deprecated: Use maybe version [-Wdeprecated-declarations]
    return opCode == uWS::OpCode::BINARY ? (Local<Value>) ArrayBuffer::New(isolate, (char *) message, length) : (Local<Value>) String::NewFromUtf8(isolate, message, String::kNormalString, length);
                                                                                                                                       ^
/Users/kirinkang/Library/Caches/node-gyp/12.16.1/include/node/v8.h:3030:10: note: 'NewFromUtf8' has been explicitly marked deprecated here
  static V8_DEPRECATED(
         ^
/Users/kirinkang/Library/Caches/node-gyp/12.16.1/include/node/v8config.h:328:29: note: expanded from macro 'V8_DEPRECATED'
  declarator __attribute__((deprecated(message)))
                            ^
In file included from ../src/addon.cpp:2:
../src/addon.h:163:15: warning: 'MakeCallback' is deprecated: Use MakeCallback(..., async_context) [-Wdeprecated-declarations]
        node::MakeCallback(sc->isolate, sc->isolate->GetCurrentContext()->Global(), Local<Function>::New(sc->isolate, sc->jsCallback), 0, nullptr);
              ^
/Users/kirinkang/Library/Caches/node-gyp/12.16.1/include/node/node.h:173:1: note: 'MakeCallback' has been explicitly marked deprecated here
NODE_DEPRECATED("Use MakeCallback(..., async_context)",
^
/Users/kirinkang/Library/Caches/node-gyp/12.16.1/include/node/node.h:93:20: note: expanded from macro 'NODE_DEPRECATED'
    __attribute__((deprecated(message))) declarator
                   ^
In file included from ../src/addon.cpp:2:
../src/addon.h:172:62: error: too few arguments to function call, single argument 'context' was not specified
    uWS::OpCode opCode = (uWS::OpCode) args[2]->IntegerValue();
                                       ~~~~~~~~~~~~~~~~~~~~~ ^
/Users/kirinkang/Library/Caches/node-gyp/12.16.1/include/node/v8.h:2705:3: note: 'IntegerValue' declared here
  V8_WARN_UNUSED_RESULT Maybe<int64_t> IntegerValue(
  ^
/Users/kirinkang/Library/Caches/node-gyp/12.16.1/include/node/v8config.h:368:31: note: expanded from macro 'V8_WARN_UNUSED_RESULT'
#define V8_WARN_UNUSED_RESULT __attribute__((warn_unused_result))
                              ^
In file included from ../src/addon.cpp:2:
../src/addon.h:223:51: error: no matching member function for call to 'ToObject'
        uv_fileno((handle = getTcpHandle(args[0]->ToObject()->GetAlignedPointerFromInternalField(0))), (uv_os_fd_t *) &ticket->fd);
                                         ~~~~~~~~~^~~~~~~~
/Users/kirinkang/Library/Caches/node-gyp/12.16.1/include/node/v8.h:2672:44: note: candidate function not viable: requires single argument 'context', but no arguments were provided
  V8_WARN_UNUSED_RESULT MaybeLocal<Object> ToObject(
                                           ^
/Users/kirinkang/Library/Caches/node-gyp/12.16.1/include/node/v8.h:2686:31: note: candidate function not viable: requires single argument 'isolate', but no arguments were provided
                Local<Object> ToObject(Isolate* isolate) const);
                              ^
In file included from ../src/addon.cpp:2:
../src/addon.h:225:44: error: too few arguments to function call, single argument 'context' was not specified
        ticket->fd = args[0]->IntegerValue();
                     ~~~~~~~~~~~~~~~~~~~~~ ^
/Users/kirinkang/Library/Caches/node-gyp/12.16.1/include/node/v8.h:2705:3: note: 'IntegerValue' declared here
  V8_WARN_UNUSED_RESULT Maybe<int64_t> IntegerValue(
  ^
/Users/kirinkang/Library/Caches/node-gyp/12.16.1/include/node/v8config.h:368:31: note: expanded from macro 'V8_WARN_UNUSED_RESULT'
#define V8_WARN_UNUSED_RESULT __attribute__((warn_unused_result))
                              ^
In file included from ../src/addon.cpp:2:
../src/addon.h:339:15: warning: 'MakeCallback' is deprecated: Use MakeCallback(..., async_context) [-Wdeprecated-declarations]
        node::MakeCallback(isolate, isolate->GetCurrentContext()->Global(), Local<Function>::New(isolate, *errorCallback), 1, argv);
              ^
/Users/kirinkang/Library/Caches/node-gyp/12.16.1/include/node/node.h:173:1: note: 'MakeCallback' has been explicitly marked deprecated here
NODE_DEPRECATED("Use MakeCallback(..., async_context)",
^
/Users/kirinkang/Library/Caches/node-gyp/12.16.1/include/node/node.h:93:20: note: expanded from macro 'NODE_DEPRECATED'
    __attribute__((deprecated(message))) declarator
                   ^
In file included from ../src/addon.cpp:2:
../src/addon.h:349:81: error: too few arguments to function call, single argument 'context' was not specified
    unwrapSocket<isServer>(args[0].As<External>())->close(args[1]->IntegerValue(), nativeString.getData(), nativeString.getLength());
                                                          ~~~~~~~~~~~~~~~~~~~~~ ^
/Users/kirinkang/Library/Caches/node-gyp/12.16.1/include/node/v8.h:2705:3: note: 'IntegerValue' declared here
  V8_WARN_UNUSED_RESULT Maybe<int64_t> IntegerValue(
  ^
/Users/kirinkang/Library/Caches/node-gyp/12.16.1/include/node/v8config.h:368:31: note: expanded from macro 'V8_WARN_UNUSED_RESULT'
#define V8_WARN_UNUSED_RESULT __attribute__((warn_unused_result))
                              ^
In file included from ../src/addon.cpp:2:
../src/addon.h:361:40: error: too few arguments to function call, single argument 'context' was not specified
    group->close(args[1]->IntegerValue(), nativeString.getData(), nativeString.getLength());
                 ~~~~~~~~~~~~~~~~~~~~~ ^
/Users/kirinkang/Library/Caches/node-gyp/12.16.1/include/node/v8.h:2705:3: note: 'IntegerValue' declared here
  V8_WARN_UNUSED_RESULT Maybe<int64_t> IntegerValue(
  ^
/Users/kirinkang/Library/Caches/node-gyp/12.16.1/include/node/v8config.h:368:31: note: expanded from macro 'V8_WARN_UNUSED_RESULT'
#define V8_WARN_UNUSED_RESULT __attribute__((warn_unused_result))
                              ^
In file included from ../src/addon.cpp:2:
../src/addon.h:372:35: error: no matching member function for call to 'BooleanValue'
    uWS::OpCode opCode = args[2]->BooleanValue() ? uWS::OpCode::BINARY : uWS::OpCode::TEXT;
                         ~~~~~~~~~^~~~~~~~~~~~
/Users/kirinkang/Library/Caches/node-gyp/12.16.1/include/node/v8.h:2699:8: note: candidate function not viable: requires single argument 'isolate', but no arguments were provided
  bool BooleanValue(Isolate* isolate) const;
       ^
/Users/kirinkang/Library/Caches/node-gyp/12.16.1/include/node/v8.h:2702:51: note: candidate function not viable: requires single argument 'context', but no arguments were provided
                V8_WARN_UNUSED_RESULT Maybe<bool> BooleanValue(
                                                  ^
In file included from ../src/addon.cpp:2:
../src/addon.h:379:62: error: too few arguments to function call, single argument 'context' was not specified
    uWS::OpCode opCode = (uWS::OpCode) args[1]->IntegerValue();
                                       ~~~~~~~~~~~~~~~~~~~~~ ^
/Users/kirinkang/Library/Caches/node-gyp/12.16.1/include/node/v8.h:2705:3: note: 'IntegerValue' declared here
  V8_WARN_UNUSED_RESULT Maybe<int64_t> IntegerValue(
  ^
/Users/kirinkang/Library/Caches/node-gyp/12.16.1/include/node/v8config.h:368:31: note: expanded from macro 'V8_WARN_UNUSED_RESULT'
#define V8_WARN_UNUSED_RESULT __attribute__((warn_unused_result))
                              ^
In file included from ../src/addon.cpp:2:
../src/addon.h:403:40: error: too few arguments to function call, expected 4, have 3
        cb->Call(Null(isolate), 1, argv);
        ~~~~~~~~                       ^
/Users/kirinkang/Library/Caches/node-gyp/12.16.1/include/node/v8.h:4298:3: note: 'Call' declared here
  V8_WARN_UNUSED_RESULT MaybeLocal<Value> Call(Local<Context> context,
  ^
/Users/kirinkang/Library/Caches/node-gyp/12.16.1/include/node/v8config.h:368:31: note: expanded from macro 'V8_WARN_UNUSED_RESULT'
#define V8_WARN_UNUSED_RESULT __attribute__((warn_unused_result))
                              ^
In file included from ../src/addon.cpp:2:
../src/addon.h:416:48: error: too few arguments to function call, single argument 'context' was not specified
    group->startAutoPing(args[1]->IntegerValue(), std::string(nativeString.getData(), nativeString.getLength()));
                         ~~~~~~~~~~~~~~~~~~~~~ ^
/Users/kirinkang/Library/Caches/node-gyp/12.16.1/include/node/v8.h:2705:3: note: 'IntegerValue' declared here
  V8_WARN_UNUSED_RESULT Maybe<int64_t> IntegerValue(
  ^
/Users/kirinkang/Library/Caches/node-gyp/12.16.1/include/node/v8config.h:368:31: note: expanded from macro 'V8_WARN_UNUSED_RESULT'
#define V8_WARN_UNUSED_RESULT __attribute__((warn_unused_result))
                              ^
In file included from ../src/addon.cpp:2:
../src/addon.h:425:38: error: too few arguments to function call, single argument 'context' was not specified
    hub.listen(args[1]->IntegerValue(), nullptr, 0, group);
               ~~~~~~~~~~~~~~~~~~~~~ ^
/Users/kirinkang/Library/Caches/node-gyp/12.16.1/include/node/v8.h:2705:3: note: 'IntegerValue' declared here
  V8_WARN_UNUSED_RESULT Maybe<int64_t> IntegerValue(
  ^
/Users/kirinkang/Library/Caches/node-gyp/12.16.1/include/node/v8config.h:368:31: note: expanded from macro 'V8_WARN_UNUSED_RESULT'
#define V8_WARN_UNUSED_RESULT __attribute__((warn_unused_result))
                              ^
In file included from ../src/addon.cpp:2:
../src/addon.h:462:29: warning: 'NewFromUtf8' is deprecated: Use maybe version [-Wdeprecated-declarations]
        object->Set(String::NewFromUtf8(isolate, "group"), group);
                            ^
/Users/kirinkang/Library/Caches/node-gyp/12.16.1/include/node/v8.h:3030:10: note: 'NewFromUtf8' has been explicitly marked deprecated here
  static V8_DEPRECATED(
         ^
/Users/kirinkang/Library/Caches/node-gyp/12.16.1/include/node/v8config.h:328:29: note: expanded from macro 'V8_DEPRECATED'
  declarator __attribute__((deprecated(message)))
                            ^
In file included from ../src/addon.cpp:2:
../src/addon.h:462:17: warning: 'Set' is deprecated: Use maybe version [-Wdeprecated-declarations]
        object->Set(String::NewFromUtf8(isolate, "group"), group);
                ^
/Users/kirinkang/Library/Caches/node-gyp/12.16.1/include/node/v8.h:3498:3: note: 'Set' has been explicitly marked deprecated here
  V8_DEPRECATED("Use maybe version",
  ^
/Users/kirinkang/Library/Caches/node-gyp/12.16.1/include/node/v8config.h:328:29: note: expanded from macro 'V8_DEPRECATED'
  declarator __attribute__((deprecated(message)))
                            ^
In file included from ../src/addon.cpp:3:
../src/http.h:31:115: error: cannot initialize a parameter of type 'v8::NewStringType' with an rvalue of type 'v8::String::NewStringType'
                    args.GetReturnValue().Set(String::NewFromOneByte(args.GetIsolate(), (uint8_t *) header.value, String::kNormalString, header.valueLength));
                                                                                                                  ^~~~~~~~~~~~~~~~~~~~~
/Users/kirinkang/Library/Caches/node-gyp/12.16.1/include/node/v8.h:3045:64: note: passing argument to parameter 'type' here
      Isolate* isolate, const uint8_t* data, v8::NewStringType type,
                                                               ^
In file included from ../src/addon.cpp:3:
../src/http.h:45:104: error: cannot initialize a parameter of type 'v8::NewStringType' with an rvalue of type 'v8::String::NewStringType'
                args.GetReturnValue().Set(String::NewFromOneByte(args.GetIsolate(), (uint8_t *) "GET", String::kNormalString, 3));
                                                                                                       ^~~~~~~~~~~~~~~~~~~~~
/Users/kirinkang/Library/Caches/node-gyp/12.16.1/include/node/v8.h:3045:64: note: passing argument to parameter 'type' here
      Isolate* isolate, const uint8_t* data, v8::NewStringType type,
                                                               ^
In file included from ../src/addon.cpp:3:
../src/http.h:48:104: error: cannot initialize a parameter of type 'v8::NewStringType' with an rvalue of type 'v8::String::NewStringType'
                args.GetReturnValue().Set(String::NewFromOneByte(args.GetIsolate(), (uint8_t *) "PUT", String::kNormalString, 3));
                                                                                                       ^~~~~~~~~~~~~~~~~~~~~
/Users/kirinkang/Library/Caches/node-gyp/12.16.1/include/node/v8.h:3045:64: note: passing argument to parameter 'type' here
      Isolate* isolate, const uint8_t* data, v8::NewStringType type,
                                                               ^
In file included from ../src/addon.cpp:3:
../src/http.h:51:105: error: cannot initialize a parameter of type 'v8::NewStringType' with an rvalue of type 'v8::String::NewStringType'
                args.GetReturnValue().Set(String::NewFromOneByte(args.GetIsolate(), (uint8_t *) "POST", String::kNormalString, 4));
                                                                                                        ^~~~~~~~~~~~~~~~~~~~~
/Users/kirinkang/Library/Caches/node-gyp/12.16.1/include/node/v8.h:3045:64: note: passing argument to parameter 'type' here
      Isolate* isolate, const uint8_t* data, v8::NewStringType type,
                                                               ^
In file included from ../src/addon.cpp:3:
../src/http.h:54:105: error: cannot initialize a parameter of type 'v8::NewStringType' with an rvalue of type 'v8::String::NewStringType'
                args.GetReturnValue().Set(String::NewFromOneByte(args.GetIsolate(), (uint8_t *) "HEAD", String::kNormalString, 4));
                                                                                                        ^~~~~~~~~~~~~~~~~~~~~
/Users/kirinkang/Library/Caches/node-gyp/12.16.1/include/node/v8.h:3045:64: note: passing argument to parameter 'type' here
      Isolate* isolate, const uint8_t* data, v8::NewStringType type,
                                                               ^
In file included from ../src/addon.cpp:3:
../src/http.h:57:106: error: cannot initialize a parameter of type 'v8::NewStringType' with an rvalue of type 'v8::String::NewStringType'
                args.GetReturnValue().Set(String::NewFromOneByte(args.GetIsolate(), (uint8_t *) "PATCH", String::kNormalString, 5));
                                                                                                         ^~~~~~~~~~~~~~~~~~~~~
/Users/kirinkang/Library/Caches/node-gyp/12.16.1/include/node/v8.h:3045:64: note: passing argument to parameter 'type' here
      Isolate* isolate, const uint8_t* data, v8::NewStringType type,
                                                               ^
fatal error: too many errors emitted, stopping now [-ferror-limit=]
6 warnings and 20 errors generated.
make: *** [Release/obj.target/uws/src/addon.o] Error 1
gyp ERR! build error 
gyp ERR! stack Error: `make` failed with exit code: 2
gyp ERR! stack     at ChildProcess.onExit (/usr/local/lib/node_modules/npm/node_modules/node-gyp/lib/build.js:194:23)
gyp ERR! stack     at ChildProcess.emit (events.js:311:20)
gyp ERR! stack     at Process.ChildProcess._handle.onexit (internal/child_process.js:275:12)
gyp ERR! System Darwin 19.4.0
gyp ERR! command "/usr/local/bin/node" "/usr/local/lib/node_modules/npm/node_modules/node-gyp/bin/node-gyp.js" "rebuild"
gyp ERR! cwd /Users/kirinkang/Desktop/lookingforerror/FlightSoftware/src/gsw/MCT/node_modules/openmct/node_modules/uws
gyp ERR! node -v v12.16.1
gyp ERR! node-gyp -v v5.0.5
gyp ERR! not ok 
